ADAU145X Assembler, Analog Devices Inc.
Version: 4.7.0,1827  (built 4/5/2022)

##### Compile Started: Friday, March 1, 2024 1:30:13 PM #####
ADAU145X Assembler, Analog Devices Inc.
Version: 4.7.0,1827  (built 4/5/2022)

##### Compile Started: Friday, March 1, 2024 1:30:13 PM #####
##### Compile succeeded:  0 errors, 0 warnings #####

##### Summary #####
DM0 RAM used:       00027    (of 40960)
DM1 RAM used:       00016    (of 40960)
PM  RAM used(Data): 00000    (of 24576)
PM  RAM used(Inst): 00105    (of 24576) 91 instructions (32bit: 77  64bit: 14)
Total PM used:      00105    (of 24576)

--------------------------------------------------------------------------------------
STREAM                        Inst      Inst      DM0     DM1     PM
Instance                      (cycles)  (size)    
--------------------------------------------------------------------------------------
STACK                          -         -        16      0       0       
FRAMEWORK                     60        42        4       8       0
Single 1                      10        13        3       2       0
Input1                        4         4         0       2       0
Output1                       2         2         0       0       0
Output2                       2         2         0       0       0
--------------------------------------------------------------------------------------
Total                         78        63        23      12      0
--------------------------------------------------------------------------------------
(% Fs=48.0kHz)                2%        1%        1%      1%      0%

